<?xml version="1.0" encoding="UTF-8"?>
<testng-results ignored="0" total="1" passed="1" failed="0" skipped="0">
  <reporter-output>
  </reporter-output>
  <suite started-at="2022-02-25T07:03:05Z" name="Default suite" finished-at="2022-02-25T07:03:14Z" duration-ms="9180">
    <groups>
      <group name="cucumber">
        <method signature="AbstractTestNGCucumberTests.runScenario(io.cucumber.testng.PickleWrapper, io.cucumber.testng.FeatureWrapper)[pri:0, instance:com.Facebookqaf.runners.TestRunner@576d5deb]" name="runScenario" class="io.cucumber.testng.AbstractTestNGCucumberTests"/>
      </group> <!-- cucumber -->
    </groups>
    <test started-at="2022-02-25T07:03:05Z" name="Default test" finished-at="2022-02-25T07:03:14Z" duration-ms="9180">
      <class name="com.Facebookqaf.runners.TestRunner">
        <test-method is-config="true" signature="setUpClass()[pri:0, instance:com.Facebookqaf.runners.TestRunner@576d5deb]" started-at="2022-02-25T07:03:05Z" name="setUpClass" finished-at="2022-02-25T07:03:05Z" duration-ms="311" status="PASS">
          <reporter-output>
          </reporter-output>
        </test-method> <!-- setUpClass -->
        <test-method signature="runScenario(io.cucumber.testng.PickleWrapper, io.cucumber.testng.FeatureWrapper)[pri:0, instance:com.Facebookqaf.runners.TestRunner@576d5deb]" started-at="2022-02-25T07:03:05Z" name="runScenario" description="Runs Cucumber Scenarios" data-provider="scenarios" finished-at="2022-02-25T07:03:14Z" duration-ms="8807" status="PASS">
          <params>
            <param index="0">
              <value>
                <![CDATA["Log in to check facebook status"]]>
              </value>
            </param>
            <param index="1">
              <value>
                <![CDATA["Optional[Login to facebook]"]]>
              </value>
            </param>
          </params>
          <reporter-output>
          </reporter-output>
        </test-method> <!-- runScenario -->
        <test-method is-config="true" signature="tearDownClass()[pri:0, instance:com.Facebookqaf.runners.TestRunner@576d5deb]" started-at="2022-02-25T07:03:14Z" name="tearDownClass" finished-at="2022-02-25T07:03:14Z" duration-ms="20" status="PASS">
          <reporter-output>
          </reporter-output>
        </test-method> <!-- tearDownClass -->
      </class> <!-- com.Facebookqaf.runners.TestRunner -->
    </test> <!-- Default test -->
  </suite> <!-- Default suite -->
</testng-results>
